<?xml version="1.0" encoding="UTF-8"?>
<!-- Generated by org.testng.reporters.JUnitReportReporter -->
<testsuite hostname="DESKTOP-UEE0PEA" failures="0" tests="1" name="Demo.TestNGMultiBrowserDemo" time="2.022" errors="1" timestamp="2020-09-20T16:12:16 CDT" skipped="0">
  <testcase classname="Demo.TestNGMultiBrowserDemo" name="setup" time="2.022">
    <error message="session not created: This version of ChromeDriver only supports Chrome version 78
Build info: version: &#039;3.141.59&#039;, revision: &#039;e82be7d358&#039;, time: &#039;2018-11-14T08:17:03&#039;
System info: host: &#039;DESKTOP-UEE0PEA&#039;, ip: &#039;192.168.1.10&#039;, os.name: &#039;Windows 10&#039;, os.arch: &#039;amd64&#039;, os.version: &#039;10.0&#039;, java.version: &#039;13.0.1&#039;
Driver info: driver.version: ChromeDriver
remote stacktrace: Backtrace:
	Ordinal0 [0x00AFA923+1550627]
	Ordinal0 [0x00A7A731+1025841]
	Ordinal0 [0x009FC715+509717]
	Ordinal0 [0x0098FC68+64616]
	Ordinal0 [0x0098C594+50580]
	Ordinal0 [0x009AACE7+175335]
	Ordinal0 [0x009AA8ED+174317]
	Ordinal0 [0x009A8CDB+167131]
	Ordinal0 [0x0099144A+70730]
	Ordinal0 [0x009924D0+74960]
	Ordinal0 [0x00992469+74857]
	Ordinal0 [0x00A942F7+1131255]
	GetHandleVerifier [0x00B9711D+523789]
	GetHandleVerifier [0x00B96EB0+523168]
	GetHandleVerifier [0x00B9E207+552695]
	GetHandleVerifier [0x00B9791A+525834]
	Ordinal0 [0x00A8B82C+1095724]
	Ordinal0 [0x00A9636B+1139563]
	Ordinal0 [0x00A964D3+1139923]
	Ordinal0 [0x00A95455+1135701]
	BaseThreadInitThunk [0x76F8F989+25]
	RtlGetAppContainerNamedObjectPath [0x771574B4+228]
	RtlGetAppContainerNamedObjectPath [0x77157484+180]
" type="org.openqa.selenium.SessionNotCreatedException">
      <![CDATA[org.openqa.selenium.SessionNotCreatedException: session not created: This version of ChromeDriver only supports Chrome version 78
Build info: version: '3.141.59', revision: 'e82be7d358', time: '2018-11-14T08:17:03'
System info: host: 'DESKTOP-UEE0PEA', ip: '192.168.1.10', os.name: 'Windows 10', os.arch: 'amd64', os.version: '10.0', java.version: '13.0.1'
Driver info: driver.version: ChromeDriver
remote stacktrace: Backtrace:
Ordinal0 [0x00AFA923+1550627]
Ordinal0 [0x00A7A731+1025841]
Ordinal0 [0x009FC715+509717]
Ordinal0 [0x0098FC68+64616]
Ordinal0 [0x0098C594+50580]
Ordinal0 [0x009AACE7+175335]
Ordinal0 [0x009AA8ED+174317]
Ordinal0 [0x009A8CDB+167131]
Ordinal0 [0x0099144A+70730]
Ordinal0 [0x009924D0+74960]
Ordinal0 [0x00992469+74857]
Ordinal0 [0x00A942F7+1131255]
GetHandleVerifier [0x00B9711D+523789]
GetHandleVerifier [0x00B96EB0+523168]
GetHandleVerifier [0x00B9E207+552695]
GetHandleVerifier [0x00B9791A+525834]
Ordinal0 [0x00A8B82C+1095724]
Ordinal0 [0x00A9636B+1139563]
Ordinal0 [0x00A964D3+1139923]
Ordinal0 [0x00A95455+1135701]
BaseThreadInitThunk [0x76F8F989+25]
RtlGetAppContainerNamedObjectPath [0x771574B4+228]
RtlGetAppContainerNamedObjectPath [0x77157484+180]

at java.base/jdk.internal.reflect.NativeConstructorAccessorImpl.newInstance0(Native Method)
at java.base/jdk.internal.reflect.NativeConstructorAccessorImpl.newInstance(NativeConstructorAccessorImpl.java:62)
at java.base/jdk.internal.reflect.DelegatingConstructorAccessorImpl.newInstance(DelegatingConstructorAccessorImpl.java:45)
at java.base/java.lang.reflect.Constructor.newInstanceWithCaller(Constructor.java:500)
at java.base/java.lang.reflect.Constructor.newInstance(Constructor.java:481)
at org.openqa.selenium.remote.W3CHandshakeResponse.lambda$errorHandler$0(W3CHandshakeResponse.java:62)
at org.openqa.selenium.remote.HandshakeResponse.lambda$getResponseFunction$0(HandshakeResponse.java:30)
at org.openqa.selenium.remote.ProtocolHandshake.lambda$createSession$0(ProtocolHandshake.java:126)
at java.base/java.util.stream.ReferencePipeline$3$1.accept(ReferencePipeline.java:195)
at java.base/java.util.Spliterators$ArraySpliterator.tryAdvance(Spliterators.java:958)
at java.base/java.util.stream.ReferencePipeline.forEachWithCancel(ReferencePipeline.java:127)
at java.base/java.util.stream.AbstractPipeline.copyIntoWithCancel(AbstractPipeline.java:502)
at java.base/java.util.stream.AbstractPipeline.copyInto(AbstractPipeline.java:488)
at java.base/java.util.stream.AbstractPipeline.wrapAndCopyInto(AbstractPipeline.java:474)
at java.base/java.util.stream.FindOps$FindOp.evaluateSequential(FindOps.java:150)
at java.base/java.util.stream.AbstractPipeline.evaluate(AbstractPipeline.java:234)
at java.base/java.util.stream.ReferencePipeline.findFirst(ReferencePipeline.java:543)
at org.openqa.selenium.remote.ProtocolHandshake.createSession(ProtocolHandshake.java:128)
at org.openqa.selenium.remote.ProtocolHandshake.createSession(ProtocolHandshake.java:74)
at org.openqa.selenium.remote.HttpCommandExecutor.execute(HttpCommandExecutor.java:136)
at org.openqa.selenium.remote.service.DriverCommandExecutor.execute(DriverCommandExecutor.java:83)
at org.openqa.selenium.remote.RemoteWebDriver.execute(RemoteWebDriver.java:552)
at org.openqa.selenium.remote.RemoteWebDriver.startSession(RemoteWebDriver.java:213)
at org.openqa.selenium.remote.RemoteWebDriver.<init>(RemoteWebDriver.java:131)
at org.openqa.selenium.chrome.ChromeDriver.<init>(ChromeDriver.java:181)
at org.openqa.selenium.chrome.ChromeDriver.<init>(ChromeDriver.java:168)
at org.openqa.selenium.chrome.ChromeDriver.<init>(ChromeDriver.java:123)
at Demo.TestNGMultiBrowserDemo.setup(TestNGMultiBrowserDemo.java:35)
at java.base/jdk.internal.reflect.NativeMethodAccessorImpl.invoke0(Native Method)
at java.base/jdk.internal.reflect.NativeMethodAccessorImpl.invoke(NativeMethodAccessorImpl.java:62)
at java.base/jdk.internal.reflect.DelegatingMethodAccessorImpl.invoke(DelegatingMethodAccessorImpl.java:43)
at java.base/java.lang.reflect.Method.invoke(Method.java:567)
at org.testng.internal.MethodInvocationHelper.invokeMethod(MethodInvocationHelper.java:132)
at org.testng.internal.MethodInvocationHelper.invokeMethodConsideringTimeout(MethodInvocationHelper.java:61)
at org.testng.internal.ConfigInvoker.invokeConfigurationMethod(ConfigInvoker.java:366)
at org.testng.internal.ConfigInvoker.invokeConfigurations(ConfigInvoker.java:320)
at org.testng.TestRunner.invokeTestConfigurations(TestRunner.java:617)
at org.testng.TestRunner.beforeRun(TestRunner.java:607)
at org.testng.TestRunner.run(TestRunner.java:578)
at org.testng.SuiteRunner.runTest(SuiteRunner.java:384)
at org.testng.SuiteRunner.access$000(SuiteRunner.java:28)
at org.testng.SuiteRunner$SuiteWorker.run(SuiteRunner.java:425)
at org.testng.internal.thread.ThreadUtil.lambda$execute$0(ThreadUtil.java:66)
at java.base/java.util.concurrent.FutureTask.run(FutureTask.java:264)
at java.base/java.util.concurrent.ThreadPoolExecutor.runWorker(ThreadPoolExecutor.java:1128)
at java.base/java.util.concurrent.ThreadPoolExecutor$Worker.run(ThreadPoolExecutor.java:628)
at java.base/java.lang.Thread.run(Thread.java:830)
]]>
    </error>
  </testcase> <!-- setup -->
  <system-out/>
</testsuite> <!-- Demo.TestNGMultiBrowserDemo -->
